2023-04-30 09:30:42 TestMission.py[line:29] INFO 开始进入任务页面
2023-04-30 09:30:49 TestMission.py[line:35] INFO 进入任务页面完毕
2023-04-30 09:30:49 TestMission.py[line:10] INFO 收取普通任务奖励
2023-04-30 09:30:55 TestMission.py[line:48] INFO 没有奖励，无需收取
2023-04-30 09:30:57 TestMission.py[line:15] INFO 收取每日任务奖励
2023-04-30 09:31:03 TestMission.py[line:48] INFO 没有奖励，无需收取
2023-04-30 09:31:05 TestMission.py[line:20] INFO 收取称号任务奖励
2023-04-30 09:31:11 TestMission.py[line:48] INFO 没有奖励，无需收取
2023-04-30 09:31:14 TestDepartment.py[line:23] INFO 开始进入工会之家页面
2023-04-30 09:31:19 TestDepartment.py[line:25] INFO 进入工会之家页面完毕
2023-04-30 09:31:19 TestDepartment.py[line:10] INFO 收取工会之家的全部体力和其他物品
2023-04-30 09:31:23 TestDepartment.py[line:18] INFO 没有物品，无需收集
2023-04-30 09:31:23 TestShop.py[line:51] INFO 进入商店页面
2023-04-30 09:31:38 TestShop.py[line:58] INFO 进入商店页面完毕
2023-04-30 09:31:38 TestShop.py[line:10] INFO 进入药剂商店页面
2023-04-30 09:31:41 TestShop.py[line:16] INFO 购买所有经验药水
2023-04-30 09:31:44 TestShop.py[line:46] INFO 无法购买商品，可能已经购买完成
2023-04-30 09:31:44 TestShop.py[line:51] INFO 进入商店页面
2023-04-30 09:31:45 TestShop.py[line:55] INFO 检测到已进入页面，无需再次进入页面
2023-04-30 09:31:45 TestShop.py[line:23] INFO 进入精炼石商店页面
2023-04-30 09:31:47 TestShop.py[line:29] INFO 购买所有精炼石
2023-04-30 09:31:50 TestShop.py[line:40] INFO 批量购买商品
2023-04-30 09:31:53 TestSearch.py[line:25] INFO 开始进入经验值关卡
2023-04-30 09:31:59 TestSearch.py[line:39] INFO 检测到不在搜索页面，进入搜索页面
2023-04-30 09:32:11 TestSearch.py[line:41] INFO 进入搜索页面完毕
2023-04-30 09:32:11 TestSearch.py[line:44] INFO 进入经验值关卡完毕
2023-04-30 09:32:13 TestSearch.py[line:10] INFO 点击首行经验值关卡
2023-04-30 09:32:15 TestSearch.py[line:74] INFO 使用扫荡券扫荡
2023-04-30 09:32:18 TestSearch.py[line:89] INFO 开始扫荡
2023-04-30 09:32:20 TestSearch.py[line:93] INFO 跳过完毕
2023-04-30 09:32:23 TestSearch.py[line:101] INFO 扫荡完毕，前往玛娜关卡
2023-04-30 09:32:28 TestSearch.py[line:50] INFO 开始进入mana关卡
2023-04-30 09:32:28 TestSearch.py[line:56] INFO 检测到已经在mana关卡，无需进入
2023-04-30 09:32:28 TestSearch.py[line:17] INFO 点击首行mana关卡
2023-04-30 09:32:30 TestSearch.py[line:74] INFO 使用扫荡券扫荡
2023-04-30 09:32:34 TestSearch.py[line:89] INFO 开始扫荡
2023-04-30 09:32:36 TestSearch.py[line:93] INFO 跳过完毕
2023-04-30 09:32:39 TestSearch.py[line:108] INFO 扫荡完毕，进入探索首页
2023-04-30 09:32:42 TestInvest.py[line:51] INFO 开始进入圣迹调查页面
2023-04-30 09:32:47 TestInvest.py[line:68] INFO 检测到不在调查页面，开始进入调查页面
2023-04-30 09:33:00 TestInvest.py[line:70] INFO 进入调查页面完毕
2023-04-30 09:33:00 TestInvest.py[line:73] INFO 进入圣迹调查页面完毕
2023-04-30 09:33:00 TestInvest.py[line:10] INFO 开始圣迹调查关卡1级
2023-04-30 09:33:01 TestInvest.py[line:102] INFO 使用扫荡券扫荡
2023-04-30 09:33:14 TestInvest.py[line:127] INFO 跳过完毕
2023-04-30 09:33:15 TestInvest.py[line:132] INFO 结束扫荡
2023-04-30 09:33:18 TestInvest.py[line:135] INFO 检测是否有限定商城开启，若有则处理
2023-04-30 09:33:33 TestInvest.py[line:137] INFO 扫荡完成
2023-04-30 09:33:33 TestInvest.py[line:145] INFO 取消当前页面
2023-04-30 09:33:34 TestInvest.py[line:14] INFO 圣迹调查关卡1级调查完毕
2023-04-30 09:33:34 TestInvest.py[line:51] INFO 开始进入圣迹调查页面
2023-04-30 09:33:34 TestInvest.py[line:56] INFO 检测到已经在圣迹调查页面，无需进入
2023-04-30 09:33:34 TestInvest.py[line:18] INFO 开始圣迹调查关卡2级
2023-04-30 09:33:35 TestInvest.py[line:102] INFO 使用扫荡券扫荡
2023-04-30 09:33:47 TestInvest.py[line:127] INFO 跳过完毕
2023-04-30 09:33:48 TestInvest.py[line:132] INFO 结束扫荡
2023-04-30 09:33:51 TestInvest.py[line:135] INFO 检测是否有限定商城开启，若有则处理
2023-04-30 09:33:53 TestInvest.py[line:137] INFO 扫荡完成
2023-04-30 09:33:53 TestInvest.py[line:145] INFO 取消当前页面
2023-04-30 09:33:54 TestInvest.py[line:22] INFO 圣迹调查关卡2级调查完毕
2023-04-30 09:33:54 TestInvest.py[line:51] INFO 开始进入圣迹调查页面
2023-04-30 09:33:54 TestInvest.py[line:56] INFO 检测到已经在圣迹调查页面，无需进入
2023-04-30 09:33:54 TestInvest.py[line:26] INFO 开始圣迹调查关卡3级
2023-04-30 09:33:55 TestInvest.py[line:102] INFO 使用扫荡券扫荡
2023-04-30 09:34:07 TestInvest.py[line:127] INFO 跳过完毕
2023-04-30 09:34:08 TestInvest.py[line:132] INFO 结束扫荡
2023-04-30 09:34:11 TestInvest.py[line:135] INFO 检测是否有限定商城开启，若有则处理
2023-04-30 09:34:26 TestInvest.py[line:137] INFO 扫荡完成
2023-04-30 09:34:26 TestInvest.py[line:145] INFO 取消当前页面
2023-04-30 09:34:27 TestInvest.py[line:30] INFO 圣迹调查关卡3级调查完毕
2023-04-30 09:34:27 TestInvest.py[line:78] INFO 开始进入神殿调查页面
2023-04-30 09:34:32 TestInvest.py[line:93] INFO 检测到不在调查页面，开始进入调查页面
2023-04-30 09:34:44 TestInvest.py[line:95] INFO 进入调查页面完毕
2023-04-30 09:34:44 TestInvest.py[line:98] INFO 进入神殿调查页面完毕
2023-04-30 09:34:44 TestInvest.py[line:34] INFO 开始神殿调查关卡1级
2023-04-30 09:34:46 TestInvest.py[line:102] INFO 使用扫荡券扫荡
2023-04-30 09:34:58 TestInvest.py[line:127] INFO 跳过完毕
2023-04-30 09:34:59 TestInvest.py[line:132] INFO 结束扫荡
2023-04-30 09:35:01 TestInvest.py[line:135] INFO 检测是否有限定商城开启，若有则处理
2023-04-30 09:35:03 TestInvest.py[line:137] INFO 扫荡完成
2023-04-30 09:35:03 TestInvest.py[line:145] INFO 取消当前页面
2023-04-30 09:35:05 TestInvest.py[line:38] INFO 神殿调查关卡1级调查完毕
2023-04-30 09:35:05 TestInvest.py[line:78] INFO 开始进入神殿调查页面
2023-04-30 09:35:05 TestInvest.py[line:83] INFO 检测到已经在神殿调查页面，无需进入
2023-04-30 09:35:05 TestInvest.py[line:42] INFO 开始神殿调查关卡2级
2023-04-30 09:35:05 TestInvest.py[line:102] INFO 使用扫荡券扫荡
2023-04-30 09:35:18 TestInvest.py[line:127] INFO 跳过完毕
2023-04-30 09:35:19 TestInvest.py[line:132] INFO 结束扫荡
2023-04-30 09:35:21 TestInvest.py[line:135] INFO 检测是否有限定商城开启，若有则处理
2023-04-30 09:35:23 TestInvest.py[line:137] INFO 扫荡完成
2023-04-30 09:35:23 TestInvest.py[line:145] INFO 取消当前页面
2023-04-30 09:35:25 TestInvest.py[line:46] INFO 神殿调查关卡2级调查完毕
2023-04-30 09:35:25 TestArana.py[line:144] INFO 开始进入竞技场页面
2023-04-30 09:35:39 TestArana.py[line:152] INFO 进入竞技场完毕
2023-04-30 09:35:39 TestArana.py[line:18] INFO 收取竞技场金币
2023-04-30 09:35:44 TestArana.py[line:24] INFO 收取竞技场金币完成
2023-04-30 09:35:44 TestArana.py[line:27] INFO 点击竞技场第一个人
2023-04-30 09:35:51 TestArana.py[line:59] INFO 开始战斗
2023-04-30 09:36:01 TestArana.py[line:63] INFO 战斗结束
2023-04-30 09:36:04 TestArana.py[line:67] INFO 排名晋升，取消页面
2023-04-30 09:36:05 TestArana.py[line:157] INFO 开始进入公主竞技场页面
2023-04-30 09:36:21 TestArana.py[line:165] INFO 进入公主竞技场完毕
2023-04-30 09:36:21 TestArana.py[line:84] INFO 收取公主竞技场金币
2023-04-30 09:36:26 TestArana.py[line:92] INFO 收取公主竞技场金币完成
2023-04-30 09:36:26 TestArana.py[line:95] INFO 点击公主竞技场第一个人
2023-04-30 09:36:36 TestArana.py[line:124] INFO 开始战斗
2023-04-30 09:36:53 TestArana.py[line:128] INFO 战斗结束
2023-04-30 09:36:55 TestMission.py[line:29] INFO 开始进入任务页面
2023-04-30 09:37:10 TestMission.py[line:35] INFO 进入任务页面完毕
2023-04-30 09:37:10 TestMission.py[line:10] INFO 收取普通任务奖励
2023-04-30 09:37:16 TestMission.py[line:48] INFO 没有奖励，无需收取
2023-04-30 09:37:18 TestMission.py[line:15] INFO 收取每日任务奖励
2023-04-30 09:37:23 TestMission.py[line:46] INFO 收取奖励完毕
2023-04-30 09:37:25 TestMission.py[line:20] INFO 收取称号任务奖励
2023-04-30 09:37:32 TestMission.py[line:48] INFO 没有奖励，无需收取
2023-04-30 09:37:34 TestGift.py[line:32] INFO 开始进入礼物页面
2023-04-30 09:37:48 TestGift.py[line:38] INFO 进入礼物页面完毕
2023-04-30 09:37:50 TestGift.py[line:14] INFO 取消勾选
2023-04-30 09:37:50 TestGift.py[line:19] INFO 全部收集礼物
2023-04-30 09:37:55 TestGift.py[line:23] INFO 全部收集礼物完毕
2023-04-30 09:37:55 TestGift.py[line:26] INFO 取消页面
